Timing Analyzer report for CGROM
Thu Jan 31 21:21:35 2013
Version 6.0 Build 178 04/27/2006 SJ Full Version


---------------------
; Table of Contents ;
---------------------
  1. Legal Notice
  2. Timing Analyzer Summary
  3. Timing Analyzer Settings
  4. Clock Settings Summary
  5. Clock Setup: 'clkin'
  6. tsu
  7. tco
  8. th
  9. Timing Analyzer Messages



----------------
; Legal Notice ;
----------------
Copyright (C) 1991-2006 Altera Corporation
Your use of Altera Corporation's design tools, logic functions 
and other software and tools, and its AMPP partner logic 
functions, and any output files any of the foregoing 
(including device programming or simulation files), and any 
associated documentation or information are expressly subject 
to the terms and conditions of the Altera Program License 
Subscription Agreement, Altera MegaCore Function License 
Agreement, or other applicable license agreement, including, 
without limitation, that your use is for the sole purpose of 
programming logic devices manufactured by Altera and sold by 
Altera or its authorized distributors.  Please refer to the 
applicable agreement for further details.



+-------------------------------------------------------------------------------------------------------------------------------------------------------------------------------+
; Timing Analyzer Summary                                                                                                                                                       ;
+------------------------------+-------+---------------+----------------------------------+-----------------------+----------------------+------------+----------+--------------+
; Type                         ; Slack ; Required Time ; Actual Time                      ; From                  ; To                   ; From Clock ; To Clock ; Failed Paths ;
+------------------------------+-------+---------------+----------------------------------+-----------------------+----------------------+------------+----------+--------------+
; Worst-case tsu               ; N/A   ; None          ; 4.501 ns                         ; resetin               ; lcd_data[3]~reg0     ; --         ; clkin    ; 0            ;
; Worst-case tco               ; N/A   ; None          ; 11.851 ns                        ; lcd_rs~reg0           ; lcd_rs               ; clkin      ; --       ; 0            ;
; Worst-case th                ; N/A   ; None          ; 4.159 ns                         ; resetin               ; \Display:char_cnt[3] ; --         ; clkin    ; 0            ;
; Clock Setup: 'clkin'         ; N/A   ; None          ; 115.70 MHz ( period = 8.643 ns ) ; \Display:delay_cnt[0] ; lcd_data[3]~reg0     ; clkin      ; clkin    ; 0            ;
; Total number of failed paths ;       ;               ;                                  ;                       ;                      ;            ;          ; 0            ;
+------------------------------+-------+---------------+----------------------------------+-----------------------+----------------------+------------+----------+--------------+


+------------------------------------------------------------------------------------------------------+
; Timing Analyzer Settings                                                                             ;
+-------------------------------------------------------+--------------------+------+----+-------------+
; Option                                                ; Setting            ; From ; To ; Entity Name ;
+-------------------------------------------------------+--------------------+------+----+-------------+
; Device Name                                           ; EP1C3T144C8        ;      ;    ;             ;
; Timing Models                                         ; Final              ;      ;    ;             ;
; Number of source nodes to report per destination node ; 10                 ;      ;    ;             ;
; Number of destination nodes to report                 ; 10                 ;      ;    ;             ;
; Number of paths to report                             ; 200                ;      ;    ;             ;
; Report Minimum Timing Checks                          ; Off                ;      ;    ;             ;
; Use Fast Timing Models                                ; Off                ;      ;    ;             ;
; Report IO Paths Separately                            ; Off                ;      ;    ;             ;
; Default hold multicycle                               ; Same As Multicycle ;      ;    ;             ;
; Cut paths between unrelated clock domains             ; On                 ;      ;    ;             ;
; Cut off read during write signal paths                ; On                 ;      ;    ;             ;
; Cut off feedback from I/O pins                        ; On                 ;      ;    ;             ;
; Report Combined Fast/Slow Timing                      ; Off                ;      ;    ;             ;
; Ignore Clock Settings                                 ; Off                ;      ;    ;             ;
; Analyze latches as synchronous elements               ; On                 ;      ;    ;             ;
; Enable Recovery/Removal analysis                      ; Off                ;      ;    ;             ;
; Enable Clock Latency                                  ; Off                ;      ;    ;             ;
; Use TimeQuest Timing Analyzer                         ; Off                ;      ;    ;             ;
+-------------------------------------------------------+--------------------+------+----+-------------+


+------------------------------------------------------------------------------------------------------------------------------------------------------------------------------------+
; Clock Settings Summary                                                                                                                                                             ;
+-----------------+--------------------+----------+------------------+---------------+--------------+----------+-----------------------+---------------------+--------+--------------+
; Clock Node Name ; Clock Setting Name ; Type     ; Fmax Requirement ; Early Latency ; Late Latency ; Based on ; Multiply Base Fmax by ; Divide Base Fmax by ; Offset ; Phase offset ;
+-----------------+--------------------+----------+------------------+---------------+--------------+----------+-----------------------+---------------------+--------+--------------+
; clkin           ;                    ; User Pin ; None             ; 0.000 ns      ; 0.000 ns     ; --       ; N/A                   ; N/A                 ; N/A    ;              ;
+-----------------+--------------------+----------+------------------+---------------+--------------+----------+-----------------------+---------------------+--------+--------------+


+--------------------------------------------------------------------------------------------------------------------------------------------------------------------------------------------------------------------------------------------------------------+
; Clock Setup: 'clkin'                                                                                                                                                                                                                                         ;
+-----------------------------------------+-----------------------------------------------------+-----------------------+--------------------------+------------+----------+-----------------------------+---------------------------+-------------------------+
; Slack                                   ; Actual fmax (period)                                ; From                  ; To                       ; From Clock ; To Clock ; Required Setup Relationship ; Required Longest P2P Time ; Actual Longest P2P Time ;
+-----------------------------------------+-----------------------------------------------------+-----------------------+--------------------------+------------+----------+-----------------------------+---------------------------+-------------------------+
; N/A                                     ; 115.70 MHz ( period = 8.643 ns )                    ; \Display:delay_cnt[0] ; lcd_data[3]~reg0         ; clkin      ; clkin    ; None                        ; None                      ; 8.388 ns                ;
; N/A                                     ; 117.81 MHz ( period = 8.488 ns )                    ; \Display:delay_cnt[0] ; lcd_data[2]~reg0         ; clkin      ; clkin    ; None                        ; None                      ; 8.233 ns                ;
; N/A                                     ; 120.38 MHz ( period = 8.307 ns )                    ; \Display:delay_cnt[1] ; lcd_data[3]~reg0         ; clkin      ; clkin    ; None                        ; None                      ; 8.052 ns                ;
; N/A                                     ; 122.67 MHz ( period = 8.152 ns )                    ; \Display:delay_cnt[1] ; lcd_data[2]~reg0         ; clkin      ; clkin    ; None                        ; None                      ; 7.897 ns                ;
; N/A                                     ; 123.44 MHz ( period = 8.101 ns )                    ; \Display:delay_cnt[0] ; lcd_data[0]~reg0         ; clkin      ; clkin    ; None                        ; None                      ; 7.846 ns                ;
; N/A                                     ; 123.64 MHz ( period = 8.088 ns )                    ; \Display:delay_cnt[0] ; \Display:char_cnt[3]     ; clkin      ; clkin    ; None                        ; None                      ; 7.865 ns                ;
; N/A                                     ; 123.64 MHz ( period = 8.088 ns )                    ; \Display:delay_cnt[0] ; \Display:char_cnt[0]     ; clkin      ; clkin    ; None                        ; None                      ; 7.865 ns                ;
; N/A                                     ; 123.64 MHz ( period = 8.088 ns )                    ; \Display:delay_cnt[0] ; \Display:char_cnt[2]     ; clkin      ; clkin    ; None                        ; None                      ; 7.865 ns                ;
; N/A                                     ; 123.64 MHz ( period = 8.088 ns )                    ; \Display:delay_cnt[0] ; \Display:char_cnt[1]     ; clkin      ; clkin    ; None                        ; None                      ; 7.865 ns                ;
; N/A                                     ; 124.63 MHz ( period = 8.024 ns )                    ; \Display:delay_cnt[3] ; lcd_data[3]~reg0         ; clkin      ; clkin    ; None                        ; None                      ; 7.769 ns                ;
; N/A                                     ; 124.97 MHz ( period = 8.002 ns )                    ; \Display:delay_cnt[0] ; lcd_data[5]~reg0         ; clkin      ; clkin    ; None                        ; None                      ; 7.779 ns                ;
; N/A                                     ; 125.09 MHz ( period = 7.994 ns )                    ; \Display:char_cnt[2]  ; lcd_data[0]~reg0         ; clkin      ; clkin    ; None                        ; None                      ; 7.701 ns                ;
; N/A                                     ; 125.22 MHz ( period = 7.986 ns )                    ; \Display:delay_cnt[3] ; \Display:char_cnt[3]     ; clkin      ; clkin    ; None                        ; None                      ; 7.763 ns                ;
; N/A                                     ; 125.22 MHz ( period = 7.986 ns )                    ; \Display:delay_cnt[3] ; \Display:char_cnt[0]     ; clkin      ; clkin    ; None                        ; None                      ; 7.763 ns                ;
; N/A                                     ; 125.22 MHz ( period = 7.986 ns )                    ; \Display:delay_cnt[3] ; \Display:char_cnt[2]     ; clkin      ; clkin    ; None                        ; None                      ; 7.763 ns                ;
; N/A                                     ; 125.22 MHz ( period = 7.986 ns )                    ; \Display:delay_cnt[3] ; \Display:char_cnt[1]     ; clkin      ; clkin    ; None                        ; None                      ; 7.763 ns                ;
; N/A                                     ; 126.04 MHz ( period = 7.934 ns )                    ; \Display:delay_cnt[0] ; lcd_data[1]~reg0         ; clkin      ; clkin    ; None                        ; None                      ; 7.679 ns                ;
; N/A                                     ; 126.41 MHz ( period = 7.911 ns )                    ; \Display:delay_cnt[0] ; lcd_e~reg0               ; clkin      ; clkin    ; None                        ; None                      ; 7.688 ns                ;
; N/A                                     ; 127.08 MHz ( period = 7.869 ns )                    ; \Display:delay_cnt[3] ; lcd_data[2]~reg0         ; clkin      ; clkin    ; None                        ; None                      ; 7.614 ns                ;
; N/A                                     ; 127.36 MHz ( period = 7.852 ns )                    ; \Display:char_cnt[1]  ; lcd_data[0]~reg0         ; clkin      ; clkin    ; None                        ; None                      ; 7.559 ns                ;
; N/A                                     ; 127.50 MHz ( period = 7.843 ns )                    ; \Display:delay_cnt[1] ; \Display:char_cnt[3]     ; clkin      ; clkin    ; None                        ; None                      ; 7.620 ns                ;
; N/A                                     ; 127.50 MHz ( period = 7.843 ns )                    ; \Display:delay_cnt[1] ; \Display:char_cnt[0]     ; clkin      ; clkin    ; None                        ; None                      ; 7.620 ns                ;
; N/A                                     ; 127.50 MHz ( period = 7.843 ns )                    ; \Display:delay_cnt[1] ; \Display:char_cnt[2]     ; clkin      ; clkin    ; None                        ; None                      ; 7.620 ns                ;
; N/A                                     ; 127.50 MHz ( period = 7.843 ns )                    ; \Display:delay_cnt[1] ; \Display:char_cnt[1]     ; clkin      ; clkin    ; None                        ; None                      ; 7.620 ns                ;
; N/A                                     ; 128.30 MHz ( period = 7.794 ns )                    ; \Display:delay_cnt[2] ; lcd_data[3]~reg0         ; clkin      ; clkin    ; None                        ; None                      ; 7.539 ns                ;
; N/A                                     ; 128.37 MHz ( period = 7.790 ns )                    ; \Display:char_cnt[0]  ; lcd_data[0]~reg0         ; clkin      ; clkin    ; None                        ; None                      ; 7.497 ns                ;
; N/A                                     ; 128.65 MHz ( period = 7.773 ns )                    ; \Display:delay_cnt[0] ; lcd_rs~reg0              ; clkin      ; clkin    ; None                        ; None                      ; 7.512 ns                ;
; N/A                                     ; 128.78 MHz ( period = 7.765 ns )                    ; \Display:delay_cnt[1] ; lcd_data[0]~reg0         ; clkin      ; clkin    ; None                        ; None                      ; 7.510 ns                ;
; N/A                                     ; 128.83 MHz ( period = 7.762 ns )                    ; \Display:delay_cnt[2] ; \Display:char_cnt[3]     ; clkin      ; clkin    ; None                        ; None                      ; 7.539 ns                ;
; N/A                                     ; 128.83 MHz ( period = 7.762 ns )                    ; \Display:delay_cnt[2] ; \Display:char_cnt[0]     ; clkin      ; clkin    ; None                        ; None                      ; 7.539 ns                ;
; N/A                                     ; 128.83 MHz ( period = 7.762 ns )                    ; \Display:delay_cnt[2] ; \Display:char_cnt[2]     ; clkin      ; clkin    ; None                        ; None                      ; 7.539 ns                ;
; N/A                                     ; 128.83 MHz ( period = 7.762 ns )                    ; \Display:delay_cnt[2] ; \Display:char_cnt[1]     ; clkin      ; clkin    ; None                        ; None                      ; 7.539 ns                ;
; N/A                                     ; 129.08 MHz ( period = 7.747 ns )                    ; \Display:delay_cnt[0] ; lcd_data[4]~reg0         ; clkin      ; clkin    ; None                        ; None                      ; 7.524 ns                ;
; N/A                                     ; 129.20 MHz ( period = 7.740 ns )                    ; \Display:delay_cnt[4] ; \Display:char_cnt[3]     ; clkin      ; clkin    ; None                        ; None                      ; 7.517 ns                ;
; N/A                                     ; 129.20 MHz ( period = 7.740 ns )                    ; \Display:delay_cnt[4] ; \Display:char_cnt[0]     ; clkin      ; clkin    ; None                        ; None                      ; 7.517 ns                ;
; N/A                                     ; 129.20 MHz ( period = 7.740 ns )                    ; \Display:delay_cnt[4] ; \Display:char_cnt[2]     ; clkin      ; clkin    ; None                        ; None                      ; 7.517 ns                ;
; N/A                                     ; 129.20 MHz ( period = 7.740 ns )                    ; \Display:delay_cnt[4] ; \Display:char_cnt[1]     ; clkin      ; clkin    ; None                        ; None                      ; 7.517 ns                ;
; N/A                                     ; 129.25 MHz ( period = 7.737 ns )                    ; \Display:char_cnt[2]  ; lcd_data[2]~reg0         ; clkin      ; clkin    ; None                        ; None                      ; 7.444 ns                ;
; N/A                                     ; 129.28 MHz ( period = 7.735 ns )                    ; \Display:delay_cnt[1] ; lcd_data[5]~reg0         ; clkin      ; clkin    ; None                        ; None                      ; 7.512 ns                ;
; N/A                                     ; 129.42 MHz ( period = 7.727 ns )                    ; \Display:delay_cnt[3] ; lcd_e~reg0               ; clkin      ; clkin    ; None                        ; None                      ; 7.504 ns                ;
; N/A                                     ; 129.65 MHz ( period = 7.713 ns )                    ; \Display:delay_cnt[3] ; lcd_data[5]~reg0         ; clkin      ; clkin    ; None                        ; None                      ; 7.490 ns                ;
; N/A                                     ; 130.91 MHz ( period = 7.639 ns )                    ; \Display:delay_cnt[2] ; lcd_data[2]~reg0         ; clkin      ; clkin    ; None                        ; None                      ; 7.384 ns                ;
; N/A                                     ; 131.18 MHz ( period = 7.623 ns )                    ; \Display:delay_cnt[4] ; lcd_data[3]~reg0         ; clkin      ; clkin    ; None                        ; None                      ; 7.368 ns                ;
; N/A                                     ; 131.61 MHz ( period = 7.598 ns )                    ; \Display:delay_cnt[1] ; lcd_data[1]~reg0         ; clkin      ; clkin    ; None                        ; None                      ; 7.343 ns                ;
; N/A                                     ; 131.67 MHz ( period = 7.595 ns )                    ; \Display:char_cnt[1]  ; lcd_data[2]~reg0         ; clkin      ; clkin    ; None                        ; None                      ; 7.302 ns                ;
; N/A                                     ; 131.86 MHz ( period = 7.584 ns )                    ; \Display:delay_cnt[1] ; lcd_e~reg0               ; clkin      ; clkin    ; None                        ; None                      ; 7.361 ns                ;
; N/A                                     ; 132.00 MHz ( period = 7.576 ns )                    ; \Display:char_cnt[3]  ; lcd_data[0]~reg0         ; clkin      ; clkin    ; None                        ; None                      ; 7.283 ns                ;
; N/A                                     ; 132.59 MHz ( period = 7.542 ns )                    ; \Display:delay_cnt[0] ; lcd_data[6]~reg0         ; clkin      ; clkin    ; None                        ; None                      ; 7.287 ns                ;
; N/A                                     ; 132.77 MHz ( period = 7.532 ns )                    ; \Display:char_cnt[0]  ; lcd_data[2]~reg0         ; clkin      ; clkin    ; None                        ; None                      ; 7.239 ns                ;
; N/A                                     ; 132.94 MHz ( period = 7.522 ns )                    ; \Display:delay_cnt[0] ; lcd_rw~reg0              ; clkin      ; clkin    ; None                        ; None                      ; 7.299 ns                ;
; N/A                                     ; 133.26 MHz ( period = 7.504 ns )                    ; \Display:delay_cnt[5] ; \Display:char_cnt[3]     ; clkin      ; clkin    ; None                        ; None                      ; 7.281 ns                ;
; N/A                                     ; 133.26 MHz ( period = 7.504 ns )                    ; \Display:delay_cnt[5] ; \Display:char_cnt[0]     ; clkin      ; clkin    ; None                        ; None                      ; 7.281 ns                ;
; N/A                                     ; 133.26 MHz ( period = 7.504 ns )                    ; \Display:delay_cnt[5] ; \Display:char_cnt[2]     ; clkin      ; clkin    ; None                        ; None                      ; 7.281 ns                ;
; N/A                                     ; 133.26 MHz ( period = 7.504 ns )                    ; \Display:delay_cnt[5] ; \Display:char_cnt[1]     ; clkin      ; clkin    ; None                        ; None                      ; 7.281 ns                ;
; N/A                                     ; 133.28 MHz ( period = 7.503 ns )                    ; \Display:delay_cnt[2] ; lcd_e~reg0               ; clkin      ; clkin    ; None                        ; None                      ; 7.280 ns                ;
; N/A                                     ; 133.64 MHz ( period = 7.483 ns )                    ; \Display:delay_cnt[2] ; lcd_data[5]~reg0         ; clkin      ; clkin    ; None                        ; None                      ; 7.260 ns                ;
; N/A                                     ; 133.65 MHz ( period = 7.482 ns )                    ; \Display:delay_cnt[3] ; lcd_data[0]~reg0         ; clkin      ; clkin    ; None                        ; None                      ; 7.227 ns                ;
; N/A                                     ; 133.67 MHz ( period = 7.481 ns )                    ; \Display:delay_cnt[4] ; lcd_e~reg0               ; clkin      ; clkin    ; None                        ; None                      ; 7.258 ns                ;
; N/A                                     ; 133.69 MHz ( period = 7.480 ns )                    ; \Display:delay_cnt[1] ; lcd_data[4]~reg0         ; clkin      ; clkin    ; None                        ; None                      ; 7.257 ns                ;
; N/A                                     ; 133.90 MHz ( period = 7.468 ns )                    ; \Display:delay_cnt[4] ; lcd_data[2]~reg0         ; clkin      ; clkin    ; None                        ; None                      ; 7.213 ns                ;
; N/A                                     ; 134.08 MHz ( period = 7.458 ns )                    ; \Display:delay_cnt[3] ; lcd_data[4]~reg0         ; clkin      ; clkin    ; None                        ; None                      ; 7.235 ns                ;
; N/A                                     ; 134.39 MHz ( period = 7.441 ns )                    ; \Display:delay_cnt[5] ; lcd_data[3]~reg0         ; clkin      ; clkin    ; None                        ; None                      ; 7.186 ns                ;
; N/A                                     ; 134.46 MHz ( period = 7.437 ns )                    ; \Display:delay_cnt[1] ; lcd_rs~reg0              ; clkin      ; clkin    ; None                        ; None                      ; 7.176 ns                ;
; N/A                                     ; 134.84 MHz ( period = 7.416 ns )                    ; \Display:delay_cnt[0] ; \Display:delay_cnt[6]    ; clkin      ; clkin    ; None                        ; None                      ; 7.155 ns                ;
; N/A                                     ; 134.88 MHz ( period = 7.414 ns )                    ; \Display:delay_cnt[0] ; \Display:delay_cnt[3]    ; clkin      ; clkin    ; None                        ; None                      ; 7.153 ns                ;
; N/A                                     ; 134.90 MHz ( period = 7.413 ns )                    ; \Display:delay_cnt[0] ; \Display:delay_cnt[5]    ; clkin      ; clkin    ; None                        ; None                      ; 7.152 ns                ;
; N/A                                     ; 134.97 MHz ( period = 7.409 ns )                    ; \Display:delay_cnt[0] ; \Display:delay_cnt[4]    ; clkin      ; clkin    ; None                        ; None                      ; 7.148 ns                ;
; N/A                                     ; 135.21 MHz ( period = 7.396 ns )                    ; \Display:char_cnt[1]  ; lcd_data[3]~reg0         ; clkin      ; clkin    ; None                        ; None                      ; 7.103 ns                ;
; N/A                                     ; 135.54 MHz ( period = 7.378 ns )                    ; \Display:delay_cnt[0] ; \Display:delay_cnt[0]    ; clkin      ; clkin    ; None                        ; None                      ; 7.117 ns                ;
; N/A                                     ; 135.56 MHz ( period = 7.377 ns )                    ; \Display:delay_cnt[0] ; \Display:delay_cnt[2]    ; clkin      ; clkin    ; None                        ; None                      ; 7.116 ns                ;
; N/A                                     ; 135.57 MHz ( period = 7.376 ns )                    ; \Display:delay_cnt[0] ; \Display:delay_cnt[1]    ; clkin      ; clkin    ; None                        ; None                      ; 7.115 ns                ;
; N/A                                     ; 135.74 MHz ( period = 7.367 ns )                    ; \Display:char_cnt[3]  ; \Display:char_cnt[3]     ; clkin      ; clkin    ; None                        ; None                      ; 7.106 ns                ;
; N/A                                     ; 135.74 MHz ( period = 7.367 ns )                    ; \Display:char_cnt[3]  ; \Display:char_cnt[0]     ; clkin      ; clkin    ; None                        ; None                      ; 7.106 ns                ;
; N/A                                     ; 135.74 MHz ( period = 7.367 ns )                    ; \Display:char_cnt[3]  ; \Display:char_cnt[2]     ; clkin      ; clkin    ; None                        ; None                      ; 7.106 ns                ;
; N/A                                     ; 135.74 MHz ( period = 7.367 ns )                    ; \Display:char_cnt[3]  ; \Display:char_cnt[1]     ; clkin      ; clkin    ; None                        ; None                      ; 7.106 ns                ;
; N/A                                     ; 136.04 MHz ( period = 7.351 ns )                    ; \Display:char_cnt[0]  ; lcd_data[3]~reg0         ; clkin      ; clkin    ; None                        ; None                      ; 7.058 ns                ;
; N/A                                     ; 136.50 MHz ( period = 7.326 ns )                    ; \Display:delay_cnt[3] ; \Display:delay_cnt[6]    ; clkin      ; clkin    ; None                        ; None                      ; 7.065 ns                ;
; N/A                                     ; 136.54 MHz ( period = 7.324 ns )                    ; \Display:delay_cnt[3] ; \Display:delay_cnt[3]    ; clkin      ; clkin    ; None                        ; None                      ; 7.063 ns                ;
; N/A                                     ; 136.56 MHz ( period = 7.323 ns )                    ; \Display:delay_cnt[3] ; \Display:delay_cnt[5]    ; clkin      ; clkin    ; None                        ; None                      ; 7.062 ns                ;
; N/A                                     ; 136.63 MHz ( period = 7.319 ns )                    ; \Display:delay_cnt[3] ; \Display:delay_cnt[4]    ; clkin      ; clkin    ; None                        ; None                      ; 7.058 ns                ;
; N/A                                     ; 136.65 MHz ( period = 7.318 ns )                    ; \Display:char_cnt[3]  ; lcd_data[2]~reg0         ; clkin      ; clkin    ; None                        ; None                      ; 7.025 ns                ;
; N/A                                     ; 136.71 MHz ( period = 7.315 ns )                    ; \Display:delay_cnt[3] ; lcd_data[1]~reg0         ; clkin      ; clkin    ; None                        ; None                      ; 7.060 ns                ;
; N/A                                     ; 136.76 MHz ( period = 7.312 ns )                    ; \Display:delay_cnt[4] ; lcd_data[5]~reg0         ; clkin      ; clkin    ; None                        ; None                      ; 7.089 ns                ;
; N/A                                     ; 137.17 MHz ( period = 7.290 ns )                    ; \Display:delay_cnt[0] ; lcd_state.clr_disp       ; clkin      ; clkin    ; None                        ; None                      ; 7.067 ns                ;
; N/A                                     ; 137.21 MHz ( period = 7.288 ns )                    ; \Display:delay_cnt[3] ; \Display:delay_cnt[0]    ; clkin      ; clkin    ; None                        ; None                      ; 7.027 ns                ;
; N/A                                     ; 137.21 MHz ( period = 7.288 ns )                    ; \Display:char_cnt[2]  ; lcd_data[1]~reg0         ; clkin      ; clkin    ; None                        ; None                      ; 6.995 ns                ;
; N/A                                     ; 137.23 MHz ( period = 7.287 ns )                    ; \Display:delay_cnt[3] ; \Display:delay_cnt[2]    ; clkin      ; clkin    ; None                        ; None                      ; 7.026 ns                ;
; N/A                                     ; 137.25 MHz ( period = 7.286 ns )                    ; \Display:delay_cnt[3] ; \Display:delay_cnt[1]    ; clkin      ; clkin    ; None                        ; None                      ; 7.025 ns                ;
; N/A                                     ; 137.25 MHz ( period = 7.286 ns )                    ; \Display:delay_cnt[5] ; lcd_data[2]~reg0         ; clkin      ; clkin    ; None                        ; None                      ; 7.031 ns                ;
; N/A                                     ; 137.89 MHz ( period = 7.252 ns )                    ; \Display:delay_cnt[2] ; lcd_data[0]~reg0         ; clkin      ; clkin    ; None                        ; None                      ; 6.997 ns                ;
; N/A                                     ; 137.93 MHz ( period = 7.250 ns )                    ; \Display:delay_cnt[0] ; lcd_state.set_ddad2      ; clkin      ; clkin    ; None                        ; None                      ; 7.027 ns                ;
; N/A                                     ; 137.97 MHz ( period = 7.248 ns )                    ; \Display:delay_cnt[0] ; lcd_state.display2       ; clkin      ; clkin    ; None                        ; None                      ; 7.025 ns                ;
; N/A                                     ; 138.03 MHz ( period = 7.245 ns )                    ; \Display:delay_cnt[5] ; lcd_e~reg0               ; clkin      ; clkin    ; None                        ; None                      ; 7.022 ns                ;
; N/A                                     ; 138.35 MHz ( period = 7.228 ns )                    ; \Display:delay_cnt[2] ; lcd_data[4]~reg0         ; clkin      ; clkin    ; None                        ; None                      ; 7.005 ns                ;
; N/A                                     ; 138.60 MHz ( period = 7.215 ns )                    ; \Display:delay_cnt[0] ; lcd_data[7]~reg0         ; clkin      ; clkin    ; None                        ; None                      ; 6.960 ns                ;
; N/A                                     ; 138.66 MHz ( period = 7.212 ns )                    ; \Display:char_cnt[2]  ; lcd_data[3]~reg0         ; clkin      ; clkin    ; None                        ; None                      ; 6.919 ns                ;
; N/A                                     ; 138.77 MHz ( period = 7.206 ns )                    ; \Display:delay_cnt[1] ; lcd_data[6]~reg0         ; clkin      ; clkin    ; None                        ; None                      ; 6.951 ns                ;
; N/A                                     ; 138.89 MHz ( period = 7.200 ns )                    ; \Display:delay_cnt[3] ; lcd_state.clr_disp       ; clkin      ; clkin    ; None                        ; None                      ; 6.977 ns                ;
; N/A                                     ; 139.16 MHz ( period = 7.186 ns )                    ; \Display:delay_cnt[1] ; lcd_rw~reg0              ; clkin      ; clkin    ; None                        ; None                      ; 6.963 ns                ;
; N/A                                     ; 139.26 MHz ( period = 7.181 ns )                    ; \Display:delay_cnt[3] ; lcd_data[6]~reg0         ; clkin      ; clkin    ; None                        ; None                      ; 6.926 ns                ;
; N/A                                     ; 139.28 MHz ( period = 7.180 ns )                    ; \Display:char_cnt[0]  ; \Display:char_cnt[3]     ; clkin      ; clkin    ; None                        ; None                      ; 6.919 ns                ;
; N/A                                     ; 139.28 MHz ( period = 7.180 ns )                    ; \Display:char_cnt[0]  ; \Display:char_cnt[0]     ; clkin      ; clkin    ; None                        ; None                      ; 6.919 ns                ;
; N/A                                     ; 139.28 MHz ( period = 7.180 ns )                    ; \Display:char_cnt[0]  ; \Display:char_cnt[2]     ; clkin      ; clkin    ; None                        ; None                      ; 6.919 ns                ;
; N/A                                     ; 139.28 MHz ( period = 7.180 ns )                    ; \Display:char_cnt[0]  ; \Display:char_cnt[1]     ; clkin      ; clkin    ; None                        ; None                      ; 6.919 ns                ;
; N/A                                     ; 139.37 MHz ( period = 7.175 ns )                    ; \Display:delay_cnt[1] ; \Display:delay_cnt[6]    ; clkin      ; clkin    ; None                        ; None                      ; 6.914 ns                ;
; N/A                                     ; 139.41 MHz ( period = 7.173 ns )                    ; \Display:delay_cnt[1] ; \Display:delay_cnt[3]    ; clkin      ; clkin    ; None                        ; None                      ; 6.912 ns                ;
; N/A                                     ; 139.43 MHz ( period = 7.172 ns )                    ; \Display:delay_cnt[1] ; \Display:delay_cnt[5]    ; clkin      ; clkin    ; None                        ; None                      ; 6.911 ns                ;
; N/A                                     ; 139.51 MHz ( period = 7.168 ns )                    ; \Display:delay_cnt[1] ; \Display:delay_cnt[4]    ; clkin      ; clkin    ; None                        ; None                      ; 6.907 ns                ;
; N/A                                     ; 139.66 MHz ( period = 7.160 ns )                    ; \Display:delay_cnt[3] ; lcd_state.set_ddad2      ; clkin      ; clkin    ; None                        ; None                      ; 6.937 ns                ;
; N/A                                     ; 139.70 MHz ( period = 7.158 ns )                    ; \Display:delay_cnt[3] ; lcd_state.display2       ; clkin      ; clkin    ; None                        ; None                      ; 6.935 ns                ;
; N/A                                     ; 140.11 MHz ( period = 7.137 ns )                    ; \Display:delay_cnt[1] ; \Display:delay_cnt[0]    ; clkin      ; clkin    ; None                        ; None                      ; 6.876 ns                ;
; N/A                                     ; 140.13 MHz ( period = 7.136 ns )                    ; \Display:delay_cnt[1] ; \Display:delay_cnt[2]    ; clkin      ; clkin    ; None                        ; None                      ; 6.875 ns                ;
; N/A                                     ; 140.15 MHz ( period = 7.135 ns )                    ; \Display:delay_cnt[1] ; \Display:delay_cnt[1]    ; clkin      ; clkin    ; None                        ; None                      ; 6.874 ns                ;
; N/A                                     ; 140.25 MHz ( period = 7.130 ns )                    ; \Display:delay_cnt[5] ; lcd_data[5]~reg0         ; clkin      ; clkin    ; None                        ; None                      ; 6.907 ns                ;
; N/A                                     ; 140.92 MHz ( period = 7.096 ns )                    ; \Display:delay_cnt[2] ; \Display:delay_cnt[6]    ; clkin      ; clkin    ; None                        ; None                      ; 6.835 ns                ;
; N/A                                     ; 140.96 MHz ( period = 7.094 ns )                    ; \Display:delay_cnt[2] ; \Display:delay_cnt[3]    ; clkin      ; clkin    ; None                        ; None                      ; 6.833 ns                ;
; N/A                                     ; 140.98 MHz ( period = 7.093 ns )                    ; \Display:delay_cnt[2] ; \Display:delay_cnt[5]    ; clkin      ; clkin    ; None                        ; None                      ; 6.832 ns                ;
; N/A                                     ; 141.06 MHz ( period = 7.089 ns )                    ; \Display:delay_cnt[2] ; \Display:delay_cnt[4]    ; clkin      ; clkin    ; None                        ; None                      ; 6.828 ns                ;
; N/A                                     ; 141.14 MHz ( period = 7.085 ns )                    ; \Display:delay_cnt[2] ; lcd_data[1]~reg0         ; clkin      ; clkin    ; None                        ; None                      ; 6.830 ns                ;
; N/A                                     ; 141.22 MHz ( period = 7.081 ns )                    ; \Display:delay_cnt[4] ; lcd_data[0]~reg0         ; clkin      ; clkin    ; None                        ; None                      ; 6.826 ns                ;
; N/A                                     ; 141.68 MHz ( period = 7.058 ns )                    ; \Display:delay_cnt[2] ; \Display:delay_cnt[0]    ; clkin      ; clkin    ; None                        ; None                      ; 6.797 ns                ;
; N/A                                     ; 141.70 MHz ( period = 7.057 ns )                    ; \Display:delay_cnt[2] ; \Display:delay_cnt[2]    ; clkin      ; clkin    ; None                        ; None                      ; 6.796 ns                ;
; N/A                                     ; 141.70 MHz ( period = 7.057 ns )                    ; \Display:delay_cnt[4] ; lcd_data[4]~reg0         ; clkin      ; clkin    ; None                        ; None                      ; 6.834 ns                ;
; N/A                                     ; 141.72 MHz ( period = 7.056 ns )                    ; \Display:delay_cnt[2] ; \Display:delay_cnt[1]    ; clkin      ; clkin    ; None                        ; None                      ; 6.795 ns                ;
; N/A                                     ; 141.86 MHz ( period = 7.049 ns )                    ; \Display:delay_cnt[1] ; lcd_state.clr_disp       ; clkin      ; clkin    ; None                        ; None                      ; 6.826 ns                ;
; N/A                                     ; 142.03 MHz ( period = 7.041 ns )                    ; \Display:char_cnt[2]  ; \Display:char_cnt[3]     ; clkin      ; clkin    ; None                        ; None                      ; 6.780 ns                ;
; N/A                                     ; 142.03 MHz ( period = 7.041 ns )                    ; \Display:char_cnt[2]  ; \Display:char_cnt[0]     ; clkin      ; clkin    ; None                        ; None                      ; 6.780 ns                ;
; N/A                                     ; 142.03 MHz ( period = 7.041 ns )                    ; \Display:char_cnt[2]  ; \Display:char_cnt[2]     ; clkin      ; clkin    ; None                        ; None                      ; 6.780 ns                ;
; N/A                                     ; 142.03 MHz ( period = 7.041 ns )                    ; \Display:char_cnt[2]  ; \Display:char_cnt[1]     ; clkin      ; clkin    ; None                        ; None                      ; 6.780 ns                ;
; N/A                                     ; 142.05 MHz ( period = 7.040 ns )                    ; \Display:char_cnt[3]  ; lcd_data[3]~reg0         ; clkin      ; clkin    ; None                        ; None                      ; 6.747 ns                ;
; N/A                                     ; 142.09 MHz ( period = 7.038 ns )                    ; \Display:char_cnt[1]  ; lcd_data[1]~reg0         ; clkin      ; clkin    ; None                        ; None                      ; 6.745 ns                ;
; N/A                                     ; 142.15 MHz ( period = 7.035 ns )                    ; \Display:char_cnt[0]  ; lcd_data[1]~reg0         ; clkin      ; clkin    ; None                        ; None                      ; 6.742 ns                ;
; N/A                                     ; 142.67 MHz ( period = 7.009 ns )                    ; \Display:delay_cnt[1] ; lcd_state.set_ddad2      ; clkin      ; clkin    ; None                        ; None                      ; 6.786 ns                ;
; N/A                                     ; 142.71 MHz ( period = 7.007 ns )                    ; \Display:delay_cnt[1] ; lcd_state.display2       ; clkin      ; clkin    ; None                        ; None                      ; 6.784 ns                ;
; N/A                                     ; 143.47 MHz ( period = 6.970 ns )                    ; \Display:delay_cnt[2] ; lcd_state.clr_disp       ; clkin      ; clkin    ; None                        ; None                      ; 6.747 ns                ;
; N/A                                     ; 143.86 MHz ( period = 6.951 ns )                    ; \Display:delay_cnt[2] ; lcd_data[6]~reg0         ; clkin      ; clkin    ; None                        ; None                      ; 6.696 ns                ;
; N/A                                     ; 143.93 MHz ( period = 6.948 ns )                    ; \Display:delay_cnt[1] ; lcd_data[7]~reg0         ; clkin      ; clkin    ; None                        ; None                      ; 6.693 ns                ;
; N/A                                     ; 144.30 MHz ( period = 6.930 ns )                    ; \Display:delay_cnt[2] ; lcd_state.set_ddad2      ; clkin      ; clkin    ; None                        ; None                      ; 6.707 ns                ;
; N/A                                     ; 144.34 MHz ( period = 6.928 ns )                    ; \Display:delay_cnt[2] ; lcd_state.display2       ; clkin      ; clkin    ; None                        ; None                      ; 6.705 ns                ;
; N/A                                     ; 144.38 MHz ( period = 6.926 ns )                    ; \Display:delay_cnt[3] ; lcd_data[7]~reg0         ; clkin      ; clkin    ; None                        ; None                      ; 6.671 ns                ;
; N/A                                     ; 144.63 MHz ( period = 6.914 ns )                    ; \Display:delay_cnt[4] ; lcd_data[1]~reg0         ; clkin      ; clkin    ; None                        ; None                      ; 6.659 ns                ;
; N/A                                     ; 144.74 MHz ( period = 6.909 ns )                    ; \Display:char_cnt[3]  ; lcd_data[1]~reg0         ; clkin      ; clkin    ; None                        ; None                      ; 6.616 ns                ;
; N/A                                     ; 144.95 MHz ( period = 6.899 ns )                    ; \Display:delay_cnt[5] ; lcd_data[0]~reg0         ; clkin      ; clkin    ; None                        ; None                      ; 6.644 ns                ;
; N/A                                     ; 145.45 MHz ( period = 6.875 ns )                    ; \Display:delay_cnt[5] ; lcd_data[4]~reg0         ; clkin      ; clkin    ; None                        ; None                      ; 6.652 ns                ;
; N/A                                     ; 145.48 MHz ( period = 6.874 ns )                    ; \Display:char_cnt[1]  ; \Display:char_cnt[3]     ; clkin      ; clkin    ; None                        ; None                      ; 6.613 ns                ;
; N/A                                     ; 145.48 MHz ( period = 6.874 ns )                    ; \Display:char_cnt[1]  ; \Display:char_cnt[0]     ; clkin      ; clkin    ; None                        ; None                      ; 6.613 ns                ;
; N/A                                     ; 145.48 MHz ( period = 6.874 ns )                    ; \Display:char_cnt[1]  ; \Display:char_cnt[2]     ; clkin      ; clkin    ; None                        ; None                      ; 6.613 ns                ;
; N/A                                     ; 145.48 MHz ( period = 6.874 ns )                    ; \Display:char_cnt[1]  ; \Display:char_cnt[1]     ; clkin      ; clkin    ; None                        ; None                      ; 6.613 ns                ;
; N/A                                     ; 146.24 MHz ( period = 6.838 ns )                    ; \Display:delay_cnt[2] ; lcd_rs~reg0              ; clkin      ; clkin    ; None                        ; None                      ; 6.577 ns                ;
; N/A                                     ; 147.21 MHz ( period = 6.793 ns )                    ; \Display:char_cnt[2]  ; lcd_data[6]~reg0         ; clkin      ; clkin    ; None                        ; None                      ; 6.500 ns                ;
; N/A                                     ; 147.49 MHz ( period = 6.780 ns )                    ; \Display:delay_cnt[4] ; lcd_data[6]~reg0         ; clkin      ; clkin    ; None                        ; None                      ; 6.525 ns                ;
; N/A                                     ; 148.32 MHz ( period = 6.742 ns )                    ; \Display:delay_cnt[0] ; lcd_state.set_entrymd    ; clkin      ; clkin    ; None                        ; None                      ; 6.519 ns                ;
; N/A                                     ; 148.35 MHz ( period = 6.741 ns )                    ; \Display:delay_cnt[0] ; lcd_state.display1       ; clkin      ; clkin    ; None                        ; None                      ; 6.518 ns                ;
; N/A                                     ; 148.35 MHz ( period = 6.741 ns )                    ; \Display:delay_cnt[0] ; lcd_state.set_dispswitch ; clkin      ; clkin    ; None                        ; None                      ; 6.518 ns                ;
; N/A                                     ; 148.35 MHz ( period = 6.741 ns )                    ; \Display:delay_cnt[0] ; lcd_state.set_func       ; clkin      ; clkin    ; None                        ; None                      ; 6.518 ns                ;
; N/A                                     ; 148.43 MHz ( period = 6.737 ns )                    ; \Display:delay_cnt[0] ; lcd_state.set_ddad1      ; clkin      ; clkin    ; None                        ; None                      ; 6.514 ns                ;
; N/A                                     ; 148.54 MHz ( period = 6.732 ns )                    ; \Display:delay_cnt[5] ; lcd_data[1]~reg0         ; clkin      ; clkin    ; None                        ; None                      ; 6.477 ns                ;
; N/A                                     ; 149.03 MHz ( period = 6.710 ns )                    ; \Display:delay_cnt[3] ; lcd_rs~reg0              ; clkin      ; clkin    ; None                        ; None                      ; 6.449 ns                ;
; N/A                                     ; 149.34 MHz ( period = 6.696 ns )                    ; \Display:delay_cnt[2] ; lcd_data[7]~reg0         ; clkin      ; clkin    ; None                        ; None                      ; 6.441 ns                ;
; N/A                                     ; 150.33 MHz ( period = 6.652 ns )                    ; \Display:delay_cnt[3] ; lcd_state.set_entrymd    ; clkin      ; clkin    ; None                        ; None                      ; 6.429 ns                ;
; N/A                                     ; 150.35 MHz ( period = 6.651 ns )                    ; \Display:delay_cnt[3] ; lcd_state.display1       ; clkin      ; clkin    ; None                        ; None                      ; 6.428 ns                ;
; N/A                                     ; 150.35 MHz ( period = 6.651 ns )                    ; \Display:delay_cnt[3] ; lcd_state.set_dispswitch ; clkin      ; clkin    ; None                        ; None                      ; 6.428 ns                ;
; N/A                                     ; 150.35 MHz ( period = 6.651 ns )                    ; \Display:delay_cnt[3] ; lcd_state.set_func       ; clkin      ; clkin    ; None                        ; None                      ; 6.428 ns                ;
; N/A                                     ; 150.44 MHz ( period = 6.647 ns )                    ; \Display:delay_cnt[3] ; lcd_state.set_ddad1      ; clkin      ; clkin    ; None                        ; None                      ; 6.424 ns                ;
; N/A                                     ; 150.99 MHz ( period = 6.623 ns )                    ; \Display:delay_cnt[6] ; \Display:char_cnt[3]     ; clkin      ; clkin    ; None                        ; None                      ; 6.400 ns                ;
; N/A                                     ; 150.99 MHz ( period = 6.623 ns )                    ; \Display:delay_cnt[6] ; \Display:char_cnt[0]     ; clkin      ; clkin    ; None                        ; None                      ; 6.400 ns                ;
; N/A                                     ; 150.99 MHz ( period = 6.623 ns )                    ; \Display:delay_cnt[6] ; \Display:char_cnt[2]     ; clkin      ; clkin    ; None                        ; None                      ; 6.400 ns                ;
; N/A                                     ; 150.99 MHz ( period = 6.623 ns )                    ; \Display:delay_cnt[6] ; \Display:char_cnt[1]     ; clkin      ; clkin    ; None                        ; None                      ; 6.400 ns                ;
; N/A                                     ; 151.56 MHz ( period = 6.598 ns )                    ; \Display:delay_cnt[5] ; lcd_data[6]~reg0         ; clkin      ; clkin    ; None                        ; None                      ; 6.343 ns                ;
; N/A                                     ; 151.81 MHz ( period = 6.587 ns )                    ; \Display:delay_cnt[2] ; lcd_rw~reg0              ; clkin      ; clkin    ; None                        ; None                      ; 6.364 ns                ;
; N/A                                     ; 152.23 MHz ( period = 6.569 ns )                    ; \Display:delay_cnt[4] ; \Display:delay_cnt[6]    ; clkin      ; clkin    ; None                        ; None                      ; 6.308 ns                ;
; N/A                                     ; 152.28 MHz ( period = 6.567 ns )                    ; \Display:delay_cnt[4] ; \Display:delay_cnt[3]    ; clkin      ; clkin    ; None                        ; None                      ; 6.306 ns                ;
; N/A                                     ; 152.30 MHz ( period = 6.566 ns )                    ; \Display:delay_cnt[4] ; \Display:delay_cnt[5]    ; clkin      ; clkin    ; None                        ; None                      ; 6.305 ns                ;
; N/A                                     ; 152.39 MHz ( period = 6.562 ns )                    ; \Display:delay_cnt[4] ; \Display:delay_cnt[4]    ; clkin      ; clkin    ; None                        ; None                      ; 6.301 ns                ;
; N/A                                     ; 152.44 MHz ( period = 6.560 ns )                    ; \Display:delay_cnt[6] ; lcd_data[3]~reg0         ; clkin      ; clkin    ; None                        ; None                      ; 6.305 ns                ;
; N/A                                     ; 152.65 MHz ( period = 6.551 ns )                    ; \Display:delay_cnt[4] ; lcd_rs~reg0              ; clkin      ; clkin    ; None                        ; None                      ; 6.290 ns                ;
; N/A                                     ; 152.70 MHz ( period = 6.549 ns )                    ; \Display:char_cnt[1]  ; lcd_data[6]~reg0         ; clkin      ; clkin    ; None                        ; None                      ; 6.256 ns                ;
; N/A                                     ; 153.12 MHz ( period = 6.531 ns )                    ; \Display:delay_cnt[4] ; \Display:delay_cnt[0]    ; clkin      ; clkin    ; None                        ; None                      ; 6.270 ns                ;
; N/A                                     ; 153.14 MHz ( period = 6.530 ns )                    ; \Display:delay_cnt[4] ; \Display:delay_cnt[2]    ; clkin      ; clkin    ; None                        ; None                      ; 6.269 ns                ;
; N/A                                     ; 153.16 MHz ( period = 6.529 ns )                    ; \Display:delay_cnt[4] ; \Display:delay_cnt[1]    ; clkin      ; clkin    ; None                        ; None                      ; 6.268 ns                ;
; N/A                                     ; 153.26 MHz ( period = 6.525 ns )                    ; \Display:delay_cnt[4] ; lcd_data[7]~reg0         ; clkin      ; clkin    ; None                        ; None                      ; 6.270 ns                ;
; N/A                                     ; 153.82 MHz ( period = 6.501 ns )                    ; \Display:delay_cnt[1] ; lcd_state.set_entrymd    ; clkin      ; clkin    ; None                        ; None                      ; 6.278 ns                ;
; N/A                                     ; 153.85 MHz ( period = 6.500 ns )                    ; \Display:delay_cnt[1] ; lcd_state.display1       ; clkin      ; clkin    ; None                        ; None                      ; 6.277 ns                ;
; N/A                                     ; 153.85 MHz ( period = 6.500 ns )                    ; \Display:delay_cnt[1] ; lcd_state.set_dispswitch ; clkin      ; clkin    ; None                        ; None                      ; 6.277 ns                ;
; N/A                                     ; 153.85 MHz ( period = 6.500 ns )                    ; \Display:delay_cnt[1] ; lcd_state.set_func       ; clkin      ; clkin    ; None                        ; None                      ; 6.277 ns                ;
; N/A                                     ; 153.94 MHz ( period = 6.496 ns )                    ; \Display:delay_cnt[1] ; lcd_state.set_ddad1      ; clkin      ; clkin    ; None                        ; None                      ; 6.273 ns                ;
; N/A                                     ; 154.20 MHz ( period = 6.485 ns )                    ; \Display:char_cnt[0]  ; lcd_data[6]~reg0         ; clkin      ; clkin    ; None                        ; None                      ; 6.192 ns                ;
; N/A                                     ; 154.82 MHz ( period = 6.459 ns )                    ; \Display:delay_cnt[3] ; lcd_rw~reg0              ; clkin      ; clkin    ; None                        ; None                      ; 6.236 ns                ;
; N/A                                     ; 155.21 MHz ( period = 6.443 ns )                    ; \Display:delay_cnt[4] ; lcd_state.clr_disp       ; clkin      ; clkin    ; None                        ; None                      ; 6.220 ns                ;
; N/A                                     ; 155.71 MHz ( period = 6.422 ns )                    ; \Display:delay_cnt[2] ; lcd_state.set_entrymd    ; clkin      ; clkin    ; None                        ; None                      ; 6.199 ns                ;
; N/A                                     ; 155.74 MHz ( period = 6.421 ns )                    ; \Display:delay_cnt[2] ; lcd_state.display1       ; clkin      ; clkin    ; None                        ; None                      ; 6.198 ns                ;
; N/A                                     ; 155.74 MHz ( period = 6.421 ns )                    ; \Display:delay_cnt[2] ; lcd_state.set_dispswitch ; clkin      ; clkin    ; None                        ; None                      ; 6.198 ns                ;
; N/A                                     ; 155.74 MHz ( period = 6.421 ns )                    ; \Display:delay_cnt[2] ; lcd_state.set_func       ; clkin      ; clkin    ; None                        ; None                      ; 6.198 ns                ;
; N/A                                     ; 155.84 MHz ( period = 6.417 ns )                    ; \Display:delay_cnt[2] ; lcd_state.set_ddad1      ; clkin      ; clkin    ; None                        ; None                      ; 6.194 ns                ;
; N/A                                     ; 156.13 MHz ( period = 6.405 ns )                    ; \Display:delay_cnt[6] ; lcd_data[2]~reg0         ; clkin      ; clkin    ; None                        ; None                      ; 6.150 ns                ;
; N/A                                     ; 156.18 MHz ( period = 6.403 ns )                    ; \Display:delay_cnt[4] ; lcd_state.set_ddad2      ; clkin      ; clkin    ; None                        ; None                      ; 6.180 ns                ;
; N/A                                     ; 156.23 MHz ( period = 6.401 ns )                    ; \Display:delay_cnt[4] ; lcd_state.display2       ; clkin      ; clkin    ; None                        ; None                      ; 6.178 ns                ;
; N/A                                     ; 156.91 MHz ( period = 6.373 ns )                    ; \Display:delay_cnt[5] ; lcd_rs~reg0              ; clkin      ; clkin    ; None                        ; None                      ; 6.112 ns                ;
; N/A                                     ; 157.13 MHz ( period = 6.364 ns )                    ; \Display:delay_cnt[6] ; lcd_e~reg0               ; clkin      ; clkin    ; None                        ; None                      ; 6.141 ns                ;
; N/A                                     ; 157.65 MHz ( period = 6.343 ns )                    ; \Display:delay_cnt[5] ; lcd_data[7]~reg0         ; clkin      ; clkin    ; None                        ; None                      ; 6.088 ns                ;
; Timing analysis restricted to 200 rows. ; To change the limit use Settings (Assignments menu) ;                       ;                          ;            ;          ;                             ;                           ;                         ;
+-----------------------------------------+-----------------------------------------------------+-----------------------+--------------------------+------------+----------+-----------------------------+---------------------------+-------------------------+


+-----------------------------------------------------------------------------------+
; tsu                                                                               ;
+-------+--------------+------------+---------+--------------------------+----------+
; Slack ; Required tsu ; Actual tsu ; From    ; To                       ; To Clock ;
+-------+--------------+------------+---------+--------------------------+----------+
; N/A   ; None         ; 4.501 ns   ; resetin ; lcd_data[3]~reg0         ; clkin    ;
; N/A   ; None         ; 4.346 ns   ; resetin ; lcd_data[2]~reg0         ; clkin    ;
; N/A   ; None         ; 3.959 ns   ; resetin ; lcd_data[0]~reg0         ; clkin    ;
; N/A   ; None         ; 3.946 ns   ; resetin ; \Display:char_cnt[3]     ; clkin    ;
; N/A   ; None         ; 3.946 ns   ; resetin ; \Display:char_cnt[0]     ; clkin    ;
; N/A   ; None         ; 3.946 ns   ; resetin ; \Display:char_cnt[2]     ; clkin    ;
; N/A   ; None         ; 3.946 ns   ; resetin ; \Display:char_cnt[1]     ; clkin    ;
; N/A   ; None         ; 3.860 ns   ; resetin ; lcd_data[5]~reg0         ; clkin    ;
; N/A   ; None         ; 3.792 ns   ; resetin ; lcd_data[1]~reg0         ; clkin    ;
; N/A   ; None         ; 3.769 ns   ; resetin ; lcd_e~reg0               ; clkin    ;
; N/A   ; None         ; 3.631 ns   ; resetin ; lcd_rs~reg0              ; clkin    ;
; N/A   ; None         ; 3.605 ns   ; resetin ; lcd_data[4]~reg0         ; clkin    ;
; N/A   ; None         ; 3.400 ns   ; resetin ; lcd_data[6]~reg0         ; clkin    ;
; N/A   ; None         ; 3.380 ns   ; resetin ; lcd_rw~reg0              ; clkin    ;
; N/A   ; None         ; 3.276 ns   ; resetin ; \Display:delay_cnt[6]    ; clkin    ;
; N/A   ; None         ; 3.274 ns   ; resetin ; \Display:delay_cnt[3]    ; clkin    ;
; N/A   ; None         ; 3.273 ns   ; resetin ; \Display:delay_cnt[5]    ; clkin    ;
; N/A   ; None         ; 3.269 ns   ; resetin ; \Display:delay_cnt[4]    ; clkin    ;
; N/A   ; None         ; 3.238 ns   ; resetin ; \Display:delay_cnt[0]    ; clkin    ;
; N/A   ; None         ; 3.237 ns   ; resetin ; \Display:delay_cnt[2]    ; clkin    ;
; N/A   ; None         ; 3.236 ns   ; resetin ; \Display:delay_cnt[1]    ; clkin    ;
; N/A   ; None         ; 3.150 ns   ; resetin ; lcd_state.clr_disp       ; clkin    ;
; N/A   ; None         ; 3.110 ns   ; resetin ; lcd_state.set_ddad2      ; clkin    ;
; N/A   ; None         ; 3.108 ns   ; resetin ; lcd_state.display2       ; clkin    ;
; N/A   ; None         ; 3.073 ns   ; resetin ; lcd_data[7]~reg0         ; clkin    ;
; N/A   ; None         ; 2.602 ns   ; resetin ; lcd_state.set_entrymd    ; clkin    ;
; N/A   ; None         ; 2.601 ns   ; resetin ; lcd_state.display1       ; clkin    ;
; N/A   ; None         ; 2.601 ns   ; resetin ; lcd_state.set_dispswitch ; clkin    ;
; N/A   ; None         ; 2.601 ns   ; resetin ; lcd_state.set_func       ; clkin    ;
; N/A   ; None         ; 2.597 ns   ; resetin ; lcd_state.set_ddad1      ; clkin    ;
; N/A   ; None         ; -1.930 ns  ; resetin ; lcd_state.over           ; clkin    ;
+-------+--------------+------------+---------+--------------------------+----------+


+---------------------------------------------------------------------------------+
; tco                                                                             ;
+-------+--------------+------------+------------------+-------------+------------+
; Slack ; Required tco ; Actual tco ; From             ; To          ; From Clock ;
+-------+--------------+------------+------------------+-------------+------------+
; N/A   ; None         ; 11.851 ns  ; lcd_rs~reg0      ; lcd_rs      ; clkin      ;
; N/A   ; None         ; 11.825 ns  ; lcd_data[5]~reg0 ; lcd_data[5] ; clkin      ;
; N/A   ; None         ; 11.701 ns  ; lcd_data[6]~reg0 ; lcd_data[6] ; clkin      ;
; N/A   ; None         ; 11.695 ns  ; lcd_data[2]~reg0 ; lcd_data[2] ; clkin      ;
; N/A   ; None         ; 11.488 ns  ; lcd_data[4]~reg0 ; lcd_data[4] ; clkin      ;
; N/A   ; None         ; 11.439 ns  ; lcd_data[1]~reg0 ; lcd_data[1] ; clkin      ;
; N/A   ; None         ; 11.435 ns  ; lcd_rw~reg0      ; lcd_rw      ; clkin      ;
; N/A   ; None         ; 11.426 ns  ; lcd_e~reg0       ; lcd_e       ; clkin      ;
; N/A   ; None         ; 11.416 ns  ; lcd_data[0]~reg0 ; lcd_data[0] ; clkin      ;
; N/A   ; None         ; 11.204 ns  ; lcd_data[7]~reg0 ; lcd_data[7] ; clkin      ;
; N/A   ; None         ; 10.941 ns  ; lcd_data[3]~reg0 ; lcd_data[3] ; clkin      ;
+-------+--------------+------------+------------------+-------------+------------+


+-----------------------------------------------------------------------------------------+
; th                                                                                      ;
+---------------+-------------+-----------+---------+--------------------------+----------+
; Minimum Slack ; Required th ; Actual th ; From    ; To                       ; To Clock ;
+---------------+-------------+-----------+---------+--------------------------+----------+
; N/A           ; None        ; 4.159 ns  ; resetin ; \Display:char_cnt[3]     ; clkin    ;
; N/A           ; None        ; 3.987 ns  ; resetin ; \Display:char_cnt[1]     ; clkin    ;
; N/A           ; None        ; 3.719 ns  ; resetin ; \Display:char_cnt[2]     ; clkin    ;
; N/A           ; None        ; 3.530 ns  ; resetin ; lcd_rw~reg0              ; clkin    ;
; N/A           ; None        ; 3.447 ns  ; resetin ; lcd_data[4]~reg0         ; clkin    ;
; N/A           ; None        ; 3.285 ns  ; resetin ; lcd_data[6]~reg0         ; clkin    ;
; N/A           ; None        ; 3.278 ns  ; resetin ; lcd_data[1]~reg0         ; clkin    ;
; N/A           ; None        ; 3.278 ns  ; resetin ; lcd_data[3]~reg0         ; clkin    ;
; N/A           ; None        ; 3.278 ns  ; resetin ; lcd_data[7]~reg0         ; clkin    ;
; N/A           ; None        ; 3.273 ns  ; resetin ; lcd_data[2]~reg0         ; clkin    ;
; N/A           ; None        ; 3.273 ns  ; resetin ; lcd_data[0]~reg0         ; clkin    ;
; N/A           ; None        ; 3.192 ns  ; resetin ; lcd_data[5]~reg0         ; clkin    ;
; N/A           ; None        ; 2.843 ns  ; resetin ; \Display:delay_cnt[2]    ; clkin    ;
; N/A           ; None        ; 2.799 ns  ; resetin ; lcd_state.set_ddad2      ; clkin    ;
; N/A           ; None        ; 2.687 ns  ; resetin ; \Display:delay_cnt[1]    ; clkin    ;
; N/A           ; None        ; 2.592 ns  ; resetin ; \Display:char_cnt[0]     ; clkin    ;
; N/A           ; None        ; 2.578 ns  ; resetin ; lcd_state.display1       ; clkin    ;
; N/A           ; None        ; 2.502 ns  ; resetin ; lcd_state.display2       ; clkin    ;
; N/A           ; None        ; 2.493 ns  ; resetin ; \Display:delay_cnt[3]    ; clkin    ;
; N/A           ; None        ; 2.405 ns  ; resetin ; lcd_state.over           ; clkin    ;
; N/A           ; None        ; 2.368 ns  ; resetin ; \Display:delay_cnt[6]    ; clkin    ;
; N/A           ; None        ; 2.357 ns  ; resetin ; \Display:delay_cnt[5]    ; clkin    ;
; N/A           ; None        ; 2.302 ns  ; resetin ; lcd_rs~reg0              ; clkin    ;
; N/A           ; None        ; 2.162 ns  ; resetin ; \Display:delay_cnt[4]    ; clkin    ;
; N/A           ; None        ; 1.738 ns  ; resetin ; lcd_e~reg0               ; clkin    ;
; N/A           ; None        ; 1.655 ns  ; resetin ; \Display:delay_cnt[0]    ; clkin    ;
; N/A           ; None        ; 0.809 ns  ; resetin ; lcd_state.set_ddad1      ; clkin    ;
; N/A           ; None        ; 0.805 ns  ; resetin ; lcd_state.set_dispswitch ; clkin    ;
; N/A           ; None        ; 0.805 ns  ; resetin ; lcd_state.set_func       ; clkin    ;
; N/A           ; None        ; 0.804 ns  ; resetin ; lcd_state.set_entrymd    ; clkin    ;
; N/A           ; None        ; 0.717 ns  ; resetin ; lcd_state.clr_disp       ; clkin    ;
+---------------+-------------+-----------+---------+--------------------------+----------+


+--------------------------+
; Timing Analyzer Messages ;
+--------------------------+
Info: *******************************************************************
Info: Running Quartus II Timing Analyzer
    Info: Version 6.0 Build 178 04/27/2006 SJ Full Version
    Info: Processing started: Thu Jan 31 21:21:35 2013
Info: Command: quartus_tan --read_settings_files=off --write_settings_files=off CGROM -c CGROM --timing_analysis_only
Warning: Found pins functioning as undefined clocks and/or memory enables
    Info: Assuming node "clkin" is an undefined clock
Warning: Found 1 node(s) in clock paths which may be acting as ripple and/or gated clocks -- node(s) analyzed as buffer(s) resulting in clock skew
    Info: Detected ripple clock "gen_div:gen_clk_yj|tmp" as buffer
Info: Clock "clkin" has Internal fmax of 115.7 MHz between source register "\Display:delay_cnt[0]" and destination register "lcd_data[3]~reg0" (period= 8.643 ns)
    Info: + Longest register to register delay is 8.388 ns
        Info: 1: + IC(0.000 ns) + CELL(0.000 ns) = 0.000 ns; Loc. = LC_X23_Y5_N9; Fanout = 3; REG Node = '\Display:delay_cnt[0]'
        Info: 2: + IC(0.530 ns) + CELL(0.575 ns) = 1.105 ns; Loc. = LC_X23_Y5_N1; Fanout = 2; COMB Node = 'Add0~322COUT1_334'
        Info: 3: + IC(0.000 ns) + CELL(0.608 ns) = 1.713 ns; Loc. = LC_X23_Y5_N2; Fanout = 5; COMB Node = 'Add0~323'
        Info: 4: + IC(1.294 ns) + CELL(0.292 ns) = 3.299 ns; Loc. = LC_X23_Y6_N5; Fanout = 3; COMB Node = 'LessThan2~121'
        Info: 5: + IC(1.280 ns) + CELL(0.292 ns) = 4.871 ns; Loc. = LC_X23_Y4_N6; Fanout = 7; COMB Node = 'LessThan0~143'
        Info: 6: + IC(0.433 ns) + CELL(0.114 ns) = 5.418 ns; Loc. = LC_X23_Y4_N2; Fanout = 2; COMB Node = 'Selector11~329'
        Info: 7: + IC(0.447 ns) + CELL(0.292 ns) = 6.157 ns; Loc. = LC_X23_Y4_N3; Fanout = 4; COMB Node = 'Selector17~536'
        Info: 8: + IC(0.713 ns) + CELL(0.292 ns) = 7.162 ns; Loc. = LC_X24_Y4_N9; Fanout = 1; COMB Node = 'Selector14~590'
        Info: 9: + IC(0.443 ns) + CELL(0.292 ns) = 7.897 ns; Loc. = LC_X24_Y4_N7; Fanout = 1; COMB Node = 'Selector14~594'
        Info: 10: + IC(0.182 ns) + CELL(0.309 ns) = 8.388 ns; Loc. = LC_X24_Y4_N8; Fanout = 4; REG Node = 'lcd_data[3]~reg0'
        Info: Total cell delay = 3.066 ns ( 36.55 % )
        Info: Total interconnect delay = 5.322 ns ( 63.45 % )
    Info: - Smallest clock skew is 0.006 ns
        Info: + Shortest clock path from clock "clkin" to destination register is 7.142 ns
            Info: 1: + IC(0.000 ns) + CELL(1.469 ns) = 1.469 ns; Loc. = PIN_16; Fanout = 9; CLK Node = 'clkin'
            Info: 2: + IC(0.560 ns) + CELL(0.935 ns) = 2.964 ns; Loc. = LC_X8_Y6_N2; Fanout = 32; REG Node = 'gen_div:gen_clk_yj|tmp'
            Info: 3: + IC(3.467 ns) + CELL(0.711 ns) = 7.142 ns; Loc. = LC_X24_Y4_N8; Fanout = 4; REG Node = 'lcd_data[3]~reg0'
            Info: Total cell delay = 3.115 ns ( 43.62 % )
            Info: Total interconnect delay = 4.027 ns ( 56.38 % )
        Info: - Longest clock path from clock "clkin" to source register is 7.136 ns
            Info: 1: + IC(0.000 ns) + CELL(1.469 ns) = 1.469 ns; Loc. = PIN_16; Fanout = 9; CLK Node = 'clkin'
            Info: 2: + IC(0.560 ns) + CELL(0.935 ns) = 2.964 ns; Loc. = LC_X8_Y6_N2; Fanout = 32; REG Node = 'gen_div:gen_clk_yj|tmp'
            Info: 3: + IC(3.461 ns) + CELL(0.711 ns) = 7.136 ns; Loc. = LC_X23_Y5_N9; Fanout = 3; REG Node = '\Display:delay_cnt[0]'
            Info: Total cell delay = 3.115 ns ( 43.65 % )
            Info: Total interconnect delay = 4.021 ns ( 56.35 % )
    Info: + Micro clock to output delay of source is 0.224 ns
    Info: + Micro setup delay of destination is 0.037 ns
Info: tsu for register "lcd_data[3]~reg0" (data pin = "resetin", clock pin = "clkin") is 4.501 ns
    Info: + Longest pin to register delay is 11.606 ns
        Info: 1: + IC(0.000 ns) + CELL(1.469 ns) = 1.469 ns; Loc. = PIN_17; Fanout = 68; PIN Node = 'resetin'
        Info: 2: + IC(2.422 ns) + CELL(0.432 ns) = 4.323 ns; Loc. = LC_X23_Y5_N1; Fanout = 2; COMB Node = 'Add0~322COUT1_334'
        Info: 3: + IC(0.000 ns) + CELL(0.608 ns) = 4.931 ns; Loc. = LC_X23_Y5_N2; Fanout = 5; COMB Node = 'Add0~323'
        Info: 4: + IC(1.294 ns) + CELL(0.292 ns) = 6.517 ns; Loc. = LC_X23_Y6_N5; Fanout = 3; COMB Node = 'LessThan2~121'
        Info: 5: + IC(1.280 ns) + CELL(0.292 ns) = 8.089 ns; Loc. = LC_X23_Y4_N6; Fanout = 7; COMB Node = 'LessThan0~143'
        Info: 6: + IC(0.433 ns) + CELL(0.114 ns) = 8.636 ns; Loc. = LC_X23_Y4_N2; Fanout = 2; COMB Node = 'Selector11~329'
        Info: 7: + IC(0.447 ns) + CELL(0.292 ns) = 9.375 ns; Loc. = LC_X23_Y4_N3; Fanout = 4; COMB Node = 'Selector17~536'
        Info: 8: + IC(0.713 ns) + CELL(0.292 ns) = 10.380 ns; Loc. = LC_X24_Y4_N9; Fanout = 1; COMB Node = 'Selector14~590'
        Info: 9: + IC(0.443 ns) + CELL(0.292 ns) = 11.115 ns; Loc. = LC_X24_Y4_N7; Fanout = 1; COMB Node = 'Selector14~594'
        Info: 10: + IC(0.182 ns) + CELL(0.309 ns) = 11.606 ns; Loc. = LC_X24_Y4_N8; Fanout = 4; REG Node = 'lcd_data[3]~reg0'
        Info: Total cell delay = 4.392 ns ( 37.84 % )
        Info: Total interconnect delay = 7.214 ns ( 62.16 % )
    Info: + Micro setup delay of destination is 0.037 ns
    Info: - Shortest clock path from clock "clkin" to destination register is 7.142 ns
        Info: 1: + IC(0.000 ns) + CELL(1.469 ns) = 1.469 ns; Loc. = PIN_16; Fanout = 9; CLK Node = 'clkin'
        Info: 2: + IC(0.560 ns) + CELL(0.935 ns) = 2.964 ns; Loc. = LC_X8_Y6_N2; Fanout = 32; REG Node = 'gen_div:gen_clk_yj|tmp'
        Info: 3: + IC(3.467 ns) + CELL(0.711 ns) = 7.142 ns; Loc. = LC_X24_Y4_N8; Fanout = 4; REG Node = 'lcd_data[3]~reg0'
        Info: Total cell delay = 3.115 ns ( 43.62 % )
        Info: Total interconnect delay = 4.027 ns ( 56.38 % )
Info: tco from clock "clkin" to destination pin "lcd_rs" through register "lcd_rs~reg0" is 11.851 ns
    Info: + Longest clock path from clock "clkin" to source register is 7.136 ns
        Info: 1: + IC(0.000 ns) + CELL(1.469 ns) = 1.469 ns; Loc. = PIN_16; Fanout = 9; CLK Node = 'clkin'
        Info: 2: + IC(0.560 ns) + CELL(0.935 ns) = 2.964 ns; Loc. = LC_X8_Y6_N2; Fanout = 32; REG Node = 'gen_div:gen_clk_yj|tmp'
        Info: 3: + IC(3.461 ns) + CELL(0.711 ns) = 7.136 ns; Loc. = LC_X22_Y5_N3; Fanout = 2; REG Node = 'lcd_rs~reg0'
        Info: Total cell delay = 3.115 ns ( 43.65 % )
        Info: Total interconnect delay = 4.021 ns ( 56.35 % )
    Info: + Micro clock to output delay of source is 0.224 ns
    Info: + Longest register to pin delay is 4.491 ns
        Info: 1: + IC(0.000 ns) + CELL(0.000 ns) = 0.000 ns; Loc. = LC_X22_Y5_N3; Fanout = 2; REG Node = 'lcd_rs~reg0'
        Info: 2: + IC(2.367 ns) + CELL(2.124 ns) = 4.491 ns; Loc. = PIN_103; Fanout = 0; PIN Node = 'lcd_rs'
        Info: Total cell delay = 2.124 ns ( 47.29 % )
        Info: Total interconnect delay = 2.367 ns ( 52.71 % )
Info: th for register "\Display:char_cnt[3]" (data pin = "resetin", clock pin = "clkin") is 4.159 ns
    Info: + Longest clock path from clock "clkin" to destination register is 7.174 ns
        Info: 1: + IC(0.000 ns) + CELL(1.469 ns) = 1.469 ns; Loc. = PIN_16; Fanout = 9; CLK Node = 'clkin'
        Info: 2: + IC(0.560 ns) + CELL(0.935 ns) = 2.964 ns; Loc. = LC_X8_Y6_N2; Fanout = 32; REG Node = 'gen_div:gen_clk_yj|tmp'
        Info: 3: + IC(3.499 ns) + CELL(0.711 ns) = 7.174 ns; Loc. = LC_X22_Y6_N8; Fanout = 11; REG Node = '\Display:char_cnt[3]'
        Info: Total cell delay = 3.115 ns ( 43.42 % )
        Info: Total interconnect delay = 4.059 ns ( 56.58 % )
    Info: + Micro hold delay of destination is 0.015 ns
    Info: - Shortest pin to register delay is 3.030 ns
        Info: 1: + IC(0.000 ns) + CELL(1.469 ns) = 1.469 ns; Loc. = PIN_17; Fanout = 68; PIN Node = 'resetin'
        Info: 2: + IC(1.252 ns) + CELL(0.309 ns) = 3.030 ns; Loc. = LC_X22_Y6_N8; Fanout = 11; REG Node = '\Display:char_cnt[3]'
        Info: Total cell delay = 1.778 ns ( 58.68 % )
        Info: Total interconnect delay = 1.252 ns ( 41.32 % )
Info: Quartus II Timing Analyzer was successful. 0 errors, 2 warnings
    Info: Processing ended: Thu Jan 31 21:21:35 2013
    Info: Elapsed time: 00:00:00


