Flow report for lattice
Wed Nov 16 16:57:01 2016
Quartus II 64-Bit Version 12.0 Build 178 05/31/2012 SJ Full Version


---------------------
; Table of Contents ;
---------------------
  1. Legal Notice
  2. Flow Summary
  3. Flow Settings
  4. Flow Non-Default Global Settings
  5. Flow Elapsed Time
  6. Flow OS Summary
  7. Flow Log



----------------
; Legal Notice ;
----------------
Copyright (C) 1991-2012 Altera Corporation
Your use of Altera Corporation's design tools, logic functions 
and other software and tools, and its AMPP partner logic 
functions, and any output files from any of the foregoing 
(including device programming or simulation files), and any 
associated documentation or information are expressly subject 
to the terms and conditions of the Altera Program License 
Subscription Agreement, Altera MegaCore Function License 
Agreement, or other applicable license agreement, including, 
without limitation, that your use is for the sole purpose of 
programming logic devices manufactured by Altera and sold by 
Altera or its authorized distributors.  Please refer to the 
applicable agreement for further details.



+-----------------------------------------------------------------------+
; Flow Summary                                                          ;
+---------------------------+-------------------------------------------+
; Flow Status               ; Successful - Wed Nov 16 16:57:00 2016     ;
; Quartus II 64-Bit Version ; 12.0 Build 178 05/31/2012 SJ Full Version ;
; Revision Name             ; lattice                                   ;
; Top-level Entity Name     ; lattice                                   ;
; Family                    ; Cyclone                                   ;
; Device                    ; EP1C3T144C8                               ;
; Timing Models             ; Final                                     ;
; Total logic elements      ; 38 / 2,910 ( 1 % )                        ;
; Total pins                ; 18 / 104 ( 17 % )                         ;
; Total virtual pins        ; 0                                         ;
; Total memory bits         ; 0 / 59,904 ( 0 % )                        ;
; Total PLLs                ; 0 / 1 ( 0 % )                             ;
+---------------------------+-------------------------------------------+


+-----------------------------------------+
; Flow Settings                           ;
+-------------------+---------------------+
; Option            ; Setting             ;
+-------------------+---------------------+
; Start date & time ; 11/16/2016 16:56:55 ;
; Main task         ; Compilation         ;
; Revision Name     ; lattice             ;
+-------------------+---------------------+


+-----------------------------------------------------------------------------------------------------------------+
; Flow Non-Default Global Settings                                                                                ;
+-------------------------------------+--------------------------------+---------------+-------------+------------+
; Assignment Name                     ; Value                          ; Default Value ; Entity Name ; Section Id ;
+-------------------------------------+--------------------------------+---------------+-------------+------------+
; COMPILER_SIGNATURE_ID               ; 92587426377941.147928661509328 ; --            ; --          ; --         ;
; MAX_CORE_JUNCTION_TEMP              ; 85                             ; --            ; --          ; --         ;
; MIN_CORE_JUNCTION_TEMP              ; 0                              ; --            ; --          ; --         ;
; PARTITION_COLOR                     ; 16764057                       ; --            ; --          ; Top        ;
; PARTITION_FITTER_PRESERVATION_LEVEL ; PLACEMENT_AND_ROUTING          ; --            ; --          ; Top        ;
; PARTITION_NETLIST_TYPE              ; SOURCE                         ; --            ; --          ; Top        ;
+-------------------------------------+--------------------------------+---------------+-------------+------------+


+-------------------------------------------------------------------------------------------------------------------------------+
; Flow Elapsed Time                                                                                                             ;
+---------------------------+--------------+-------------------------+---------------------+------------------------------------+
; Module Name               ; Elapsed Time ; Average Processors Used ; Peak Virtual Memory ; Total CPU Time (on all processors) ;
+---------------------------+--------------+-------------------------+---------------------+------------------------------------+
; Analysis & Synthesis      ; 00:00:02     ; 1.0                     ; 436 MB              ; 00:00:01                           ;
; Fitter                    ; 00:00:01     ; 1.0                     ; 525 MB              ; 00:00:02                           ;
; Assembler                 ; 00:00:01     ; 1.0                     ; 357 MB              ; 00:00:01                           ;
; TimeQuest Timing Analyzer ; 00:00:02     ; 1.0                     ; 376 MB              ; 00:00:01                           ;
; Total                     ; 00:00:06     ; --                      ; --                  ; 00:00:05                           ;
+---------------------------+--------------+-------------------------+---------------------+------------------------------------+


+----------------------------------------------------------------------------------------+
; Flow OS Summary                                                                        ;
+---------------------------+------------------+-----------+------------+----------------+
; Module Name               ; Machine Hostname ; OS Name   ; OS Version ; Processor type ;
+---------------------------+------------------+-----------+------------+----------------+
; Analysis & Synthesis      ; PCOS-1608301042  ; Windows 7 ; 6.1        ; x86_64         ;
; Fitter                    ; PCOS-1608301042  ; Windows 7 ; 6.1        ; x86_64         ;
; Assembler                 ; PCOS-1608301042  ; Windows 7 ; 6.1        ; x86_64         ;
; TimeQuest Timing Analyzer ; PCOS-1608301042  ; Windows 7 ; 6.1        ; x86_64         ;
+---------------------------+------------------+-----------+------------+----------------+


------------
; Flow Log ;
------------
quartus_map --read_settings_files=on --write_settings_files=off lattice -c lattice
quartus_fit --read_settings_files=off --write_settings_files=off lattice -c lattice
quartus_asm --read_settings_files=off --write_settings_files=off lattice -c lattice
quartus_sta lattice -c lattice



